c:\users\xander\documents\coding\visual studio projects\c++\other\primitivesurvivalenvironment\debug\vc142.pdb
c:\users\xander\documents\coding\visual studio projects\c++\other\primitivesurvivalenvironment\debug\vc142.idb
c:\users\xander\documents\coding\visual studio projects\c++\other\primitivesurvivalenvironment\debug\tile.obj
c:\users\xander\documents\coding\visual studio projects\c++\other\primitivesurvivalenvironment\debug\texturemanager.obj
c:\users\xander\documents\coding\visual studio projects\c++\other\primitivesurvivalenvironment\debug\sharedmemorymanager.obj
c:\users\xander\documents\coding\visual studio projects\c++\other\primitivesurvivalenvironment\debug\pythoninterface.obj
c:\users\xander\documents\coding\visual studio projects\c++\other\primitivesurvivalenvironment\debug\levelgenerator.obj
c:\users\xander\documents\coding\visual studio projects\c++\other\primitivesurvivalenvironment\debug\main.obj
c:\users\xander\documents\coding\visual studio projects\c++\other\primitivesurvivalenvironment\debug\item.obj
c:\users\xander\documents\coding\visual studio projects\c++\other\primitivesurvivalenvironment\debug\inventory.obj
c:\users\xander\documents\coding\visual studio projects\c++\other\primitivesurvivalenvironment\debug\humanagentbase.obj
c:\users\xander\documents\coding\visual studio projects\c++\other\primitivesurvivalenvironment\debug\humanagent.obj
c:\users\xander\documents\coding\visual studio projects\c++\other\primitivesurvivalenvironment\debug\gameobject.obj
c:\users\xander\documents\coding\visual studio projects\c++\other\primitivesurvivalenvironment\debug\game.obj
c:\users\xander\documents\coding\visual studio projects\c++\other\primitivesurvivalenvironment\debug\entity.obj
c:\users\xander\documents\coding\visual studio projects\c++\other\primitivesurvivalenvironment\debug\directiontypeconverter.obj
c:\users\xander\documents\coding\visual studio projects\c++\other\primitivesurvivalenvironment\debug\directiontype.obj
c:\users\xander\documents\coding\visual studio projects\c++\other\primitivesurvivalenvironment\debug\camera.obj
c:\users\xander\documents\coding\visual studio projects\c++\other\primitivesurvivalenvironment\debug\primitivesurvivalenvironment.exe
c:\users\xander\documents\coding\visual studio projects\c++\other\primitivesurvivalenvironment\debug\primitivesurvivalenvironment.ilk
c:\users\xander\documents\coding\visual studio projects\c++\other\primitivesurvivalenvironment\debug\primitivesurvivalenvironment.pdb
c:\users\xander\documents\coding\visual studio projects\c++\other\primitivesurvivalenvironment\debug\sdl2d.dll
c:\users\xander\documents\coding\visual studio projects\c++\other\primitivesurvivalenvironment\debug\primitiv.b1e78b54.tlog\cl.command.1.tlog
c:\users\xander\documents\coding\visual studio projects\c++\other\primitivesurvivalenvironment\debug\primitiv.b1e78b54.tlog\cl.read.1.tlog
c:\users\xander\documents\coding\visual studio projects\c++\other\primitivesurvivalenvironment\debug\primitiv.b1e78b54.tlog\cl.write.1.tlog
c:\users\xander\documents\coding\visual studio projects\c++\other\primitivesurvivalenvironment\debug\primitiv.b1e78b54.tlog\link.command.1.tlog
c:\users\xander\documents\coding\visual studio projects\c++\other\primitivesurvivalenvironment\debug\primitiv.b1e78b54.tlog\link.read.1.tlog
c:\users\xander\documents\coding\visual studio projects\c++\other\primitivesurvivalenvironment\debug\primitiv.b1e78b54.tlog\link.write.1.tlog
c:\users\xander\documents\coding\visual studio projects\c++\other\primitivesurvivalenvironment\debug\primitiv.b1e78b54.tlog\primitivesurvivalenvironment.write.1u.tlog
